[debug] [2023-02-26T09:11:21.716Z] ----------------------------------------------------------------------
[debug] [2023-02-26T09:11:21.717Z] Command:       C:\Program Files\nodejs\node.exe C:\Users\everp\AppData\Roaming\npm\node_modules\firebase-tools\lib\bin\firebase.js init
[debug] [2023-02-26T09:11:21.718Z] CLI Version:   11.24.0
[debug] [2023-02-26T09:11:21.718Z] Platform:      win32
[debug] [2023-02-26T09:11:21.719Z] Node Version:  v18.14.2
[debug] [2023-02-26T09:11:21.719Z] Time:          Sun Feb 26 2023 18:11:21 GMT+0900 (대한민국 표준시)
[debug] [2023-02-26T09:11:21.719Z] ----------------------------------------------------------------------
[debug] 
[debug] [2023-02-26T09:11:21.781Z] > command requires scopes: ["email","openid","https://www.googleapis.com/auth/cloudplatformprojects.readonly","https://www.googleapis.com/auth/firebase","https://www.googleapis.com/auth/cloud-platform"]
[debug] [2023-02-26T09:11:21.782Z] > authorizing via signed-in user (nornalstory@gmail.com)
[info] 
     ######## #### ########  ######## ########     ###     ######  ########
     ##        ##  ##     ## ##       ##     ##  ##   ##  ##       ##
     ######    ##  ########  ######   ########  #########  ######  ######
     ##        ##  ##    ##  ##       ##     ## ##     ##       ## ##
     ##       #### ##     ## ######## ########  ##     ##  ######  ########

You're about to initialize a Firebase project in this directory:

  C:\Users\everp\Documents\vscode\225-github-actions-demo

Before we get started, keep in mind:

  * You are initializing within an existing Firebase project directory

[info] 
=== Project Setup
[info] 
[info] First, let's associate this project directory with a Firebase project.
[info] You can create multiple project aliases by running firebase use --add, 
[info] but for now we'll just set up a default project.
[info] 
[debug] [2023-02-26T09:11:28.801Z] Using project from CLI flag: fireship-lessons
[debug] [2023-02-26T09:11:28.803Z] >>> [apiv2][query] GET https://firebase.googleapis.com/v1beta1/projects/fireship-lessons [none]
[debug] [2023-02-26T09:11:29.292Z] <<< [apiv2][status] GET https://firebase.googleapis.com/v1beta1/projects/fireship-lessons 403
[debug] [2023-02-26T09:11:29.292Z] <<< [apiv2][body] GET https://firebase.googleapis.com/v1beta1/projects/fireship-lessons {"error":{"code":403,"message":"The caller does not have permission","status":"PERMISSION_DENIED"}}
[debug] [2023-02-26T09:11:29.292Z] HTTP Error: 403, The caller does not have permission
[debug] [2023-02-26T09:11:29.293Z] FirebaseError: HTTP Error: 403, The caller does not have permission
    at responseToError (C:\Users\everp\AppData\Roaming\npm\node_modules\firebase-tools\lib\responseToError.js:49:12)
    at RetryOperation._fn (C:\Users\everp\AppData\Roaming\npm\node_modules\firebase-tools\lib\apiv2.js:288:77)
    at process.processTicksAndRejections (node:internal/process/task_queues:95:5)
[error] 
[error] Error: Failed to get Firebase project fireship-lessons. Please make sure the project exists and your account has permission to access it.
